25/01/2018 04:01:39 - Raichu uso Bola Voltio, Squirtle tiene 35/100 puntos de vida
25/01/2018 04:01:39 - Squirtle uso Fuerza, Raichu tiene 70/100 puntos de vida
25/01/2018 04:01:39 - Raichu uso Bola Voltio, Squirtle tiene 0/100 puntos de vida
25/01/2018 04:01:39 - Squirtle ha muerto! (x_x)
25/01/2018 04:01:40 - Raichu uso Rayo, Squirtle tiene 84/100 puntos de vida
25/01/2018 04:01:40 - Squirtle uso Fuerza, Raichu tiene 10/100 puntos de vida
25/01/2018 04:01:40 - Raichu uso Chispazo, Squirtle tiene 44/100 puntos de vida
25/01/2018 04:01:40 - Squirtle uso Fuerza, Raichu tiene 0/100 puntos de vida
25/01/2018 04:01:40 - Raichu ha muerto! (x_x)
25/01/2018 04:01:40 - Raichu uso Onda Trueno, Squirtle tiene 84/100 puntos de vida
25/01/2018 04:01:40 - Squirtle uso Buceo, Raichu tiene 60/100 puntos de vida
25/01/2018 04:01:40 - Raichu uso Onda Trueno, Squirtle tiene 49/100 puntos de vida
25/01/2018 04:01:40 - Squirtle uso Cascada, Raichu tiene 30/100 puntos de vida
25/01/2018 04:01:40 - Raichu uso Bola Voltio, Squirtle tiene 33/100 puntos de vida
25/01/2018 04:01:40 - Squirtle uso Buceo, Raichu tiene 0/100 puntos de vida
25/01/2018 04:01:40 - Raichu ha muerto! (x_x)
25/01/2018 04:01:55 - Raichu uso Chispazo, Squirtle tiene 60/100 puntos de vida
25/01/2018 04:01:55 - Squirtle uso Pu침o Din치mico, Raichu tiene 20/100 puntos de vida
25/01/2018 04:01:55 - Raichu uso Rayo, Squirtle tiene 44/100 puntos de vida
25/01/2018 04:01:55 - Squirtle uso Fuerza, Raichu tiene 0/100 puntos de vida
25/01/2018 04:01:55 - Raichu ha muerto! (x_x)
25/01/2018 08:01:42 - Raichu uso Onda Trueno, Squirtle tiene 65/100 puntos de vida
25/01/2018 08:01:42 - Squirtle uso Buceo, Raichu tiene 20/100 puntos de vida
25/01/2018 08:01:42 - Raichu uso Bola Voltio, Squirtle tiene 30/100 puntos de vida
25/01/2018 08:01:42 - Squirtle uso Cascada, Raichu tiene 0/100 puntos de vida
25/01/2018 08:01:42 - Raichu ha muerto! (x_x)
25/01/2018 09:01:09 - Raichu uso Rayo, Squirtle tiene 35/100 puntos de vida
25/01/2018 09:01:09 - Squirtle uso Fuerza, Raichu tiene 60/100 puntos de vida
25/01/2018 09:01:09 - Raichu uso Chispazo, Squirtle tiene 19/100 puntos de vida
25/01/2018 09:01:09 - Squirtle uso Buceo, Raichu tiene 20/100 puntos de vida
25/01/2018 09:01:09 - Raichu uso Chispazo, Squirtle tiene 0/100 puntos de vida
25/01/2018 09:01:09 - Squirtle ha muerto! (x_x)
25/01/2018 09:01:41 - Raichu uso Chispazo, Squirtle tiene 84/100 puntos de vida
25/01/2018 09:01:41 - Squirtle uso Fuerza, Raichu tiene 20/100 puntos de vida
25/01/2018 09:01:41 - Raichu uso Chispazo, Squirtle tiene 19/100 puntos de vida
25/01/2018 09:01:41 - Squirtle uso Pu침o Din치mico, Raichu tiene 0/100 puntos de vida
25/01/2018 09:01:41 - Raichu ha muerto! (x_x)
